  main.cpp
D:\Andrew\AIE\Diploma of Digital and Interactive Games\Subjects\AI for Games\AI_Game\Path_Finding\MapReader.h(22,23): warning C4838: conversion from 'int' to 'float' requires a narrowing conversion
D:\Andrew\AIE\Diploma of Digital and Interactive Games\Subjects\AI for Games\AI_Game\Path_Finding\MapReader.h(22,23): warning C4244: 'initializing': conversion from 'int' to 'float', possible loss of data
D:\Andrew\AIE\Diploma of Digital and Interactive Games\Subjects\AI for Games\AI_Game\Path_Finding\MapReader.h(22,37): warning C4838: conversion from 'int' to 'float' requires a narrowing conversion
D:\Andrew\AIE\Diploma of Digital and Interactive Games\Subjects\AI for Games\AI_Game\Path_Finding\MapReader.h(22,37): warning C4244: 'initializing': conversion from 'int' to 'float', possible loss of data
D:\Andrew\AIE\Diploma of Digital and Interactive Games\Subjects\AI for Games\AI_Game\Path_Finding\MapReader.h(22,48): warning C4838: conversion from 'int' to 'float' requires a narrowing conversion
D:\Andrew\AIE\Diploma of Digital and Interactive Games\Subjects\AI for Games\AI_Game\Path_Finding\MapReader.h(22,48): warning C4244: 'initializing': conversion from 'int' to 'float', possible loss of data
D:\Andrew\AIE\Diploma of Digital and Interactive Games\Subjects\AI for Games\AI_Game\Path_Finding\MapReader.h(22,57): warning C4838: conversion from 'int' to 'float' requires a narrowing conversion
D:\Andrew\AIE\Diploma of Digital and Interactive Games\Subjects\AI for Games\AI_Game\Path_Finding\MapReader.h(22,57): warning C4244: 'initializing': conversion from 'int' to 'float', possible loss of data
D:\Andrew\AIE\Diploma of Digital and Interactive Games\Subjects\AI for Games\AI_Game\main.cpp(41,86): warning C4244: 'argument': conversion from 'T' to 'int', possible loss of data
          with
          [
              T=float
          ]
D:\Andrew\AIE\Diploma of Digital and Interactive Games\Subjects\AI for Games\AI_Game\main.cpp(41,68): warning C4244: 'argument': conversion from 'T' to 'int', possible loss of data
          with
          [
              T=float
          ]
D:\Andrew\AIE\Diploma of Digital and Interactive Games\Subjects\AI for Games\AI_Game\main.cpp(41,50): warning C4244: 'argument': conversion from 'T' to 'int', possible loss of data
          with
          [
              T=float
          ]
D:\Andrew\AIE\Diploma of Digital and Interactive Games\Subjects\AI for Games\AI_Game\main.cpp(41,32): warning C4244: 'argument': conversion from 'T' to 'int', possible loss of data
          with
          [
              T=float
          ]
D:\Andrew\AIE\Diploma of Digital and Interactive Games\Subjects\AI for Games\AI_Game\main.cpp(82,14): warning C4838: conversion from 'int' to 'float' requires a narrowing conversion
D:\Andrew\AIE\Diploma of Digital and Interactive Games\Subjects\AI for Games\AI_Game\main.cpp(82,14): warning C4244: 'initializing': conversion from 'int' to 'float', possible loss of data
D:\Andrew\AIE\Diploma of Digital and Interactive Games\Subjects\AI for Games\AI_Game\main.cpp(82,17): warning C4838: conversion from 'int' to 'float' requires a narrowing conversion
D:\Andrew\AIE\Diploma of Digital and Interactive Games\Subjects\AI for Games\AI_Game\main.cpp(82,17): warning C4244: 'initializing': conversion from 'int' to 'float', possible loss of data
D:\Andrew\AIE\Diploma of Digital and Interactive Games\Subjects\AI for Games\AI_Game\main.cpp(83,13): warning C4838: conversion from 'int' to 'float' requires a narrowing conversion
D:\Andrew\AIE\Diploma of Digital and Interactive Games\Subjects\AI for Games\AI_Game\main.cpp(83,13): warning C4244: 'initializing': conversion from 'int' to 'float', possible loss of data
D:\Andrew\AIE\Diploma of Digital and Interactive Games\Subjects\AI for Games\AI_Game\main.cpp(83,20): warning C4838: conversion from 'int' to 'float' requires a narrowing conversion
D:\Andrew\AIE\Diploma of Digital and Interactive Games\Subjects\AI for Games\AI_Game\main.cpp(83,20): warning C4244: 'initializing': conversion from 'int' to 'float', possible loss of data
D:\Andrew\AIE\Diploma of Digital and Interactive Games\Subjects\AI for Games\AI_Game\main.cpp(83,25): warning C4838: conversion from 'int' to 'float' requires a narrowing conversion
D:\Andrew\AIE\Diploma of Digital and Interactive Games\Subjects\AI for Games\AI_Game\main.cpp(83,25): warning C4244: 'initializing': conversion from 'int' to 'float', possible loss of data
D:\Andrew\AIE\Diploma of Digital and Interactive Games\Subjects\AI for Games\AI_Game\main.cpp(83,28): warning C4838: conversion from 'int' to 'float' requires a narrowing conversion
D:\Andrew\AIE\Diploma of Digital and Interactive Games\Subjects\AI for Games\AI_Game\main.cpp(83,28): warning C4244: 'initializing': conversion from 'int' to 'float', possible loss of data
D:\Andrew\AIE\Diploma of Digital and Interactive Games\Subjects\AI for Games\AI_Game\main.cpp(84,13): warning C4838: conversion from 'int' to 'float' requires a narrowing conversion
D:\Andrew\AIE\Diploma of Digital and Interactive Games\Subjects\AI for Games\AI_Game\main.cpp(84,13): warning C4244: 'initializing': conversion from 'int' to 'float', possible loss of data
D:\Andrew\AIE\Diploma of Digital and Interactive Games\Subjects\AI for Games\AI_Game\main.cpp(84,20): warning C4838: conversion from 'int' to 'float' requires a narrowing conversion
D:\Andrew\AIE\Diploma of Digital and Interactive Games\Subjects\AI for Games\AI_Game\main.cpp(84,20): warning C4244: 'initializing': conversion from 'int' to 'float', possible loss of data
D:\Andrew\AIE\Diploma of Digital and Interactive Games\Subjects\AI for Games\AI_Game\main.cpp(84,25): warning C4838: conversion from 'int' to 'float' requires a narrowing conversion
D:\Andrew\AIE\Diploma of Digital and Interactive Games\Subjects\AI for Games\AI_Game\main.cpp(84,25): warning C4244: 'initializing': conversion from 'int' to 'float', possible loss of data
D:\Andrew\AIE\Diploma of Digital and Interactive Games\Subjects\AI for Games\AI_Game\main.cpp(84,28): warning C4838: conversion from 'int' to 'float' requires a narrowing conversion
D:\Andrew\AIE\Diploma of Digital and Interactive Games\Subjects\AI for Games\AI_Game\main.cpp(84,28): warning C4244: 'initializing': conversion from 'int' to 'float', possible loss of data
D:\Andrew\AIE\Diploma of Digital and Interactive Games\Subjects\AI for Games\AI_Game\main.cpp(85,12): warning C4838: conversion from 'int' to 'float' requires a narrowing conversion
D:\Andrew\AIE\Diploma of Digital and Interactive Games\Subjects\AI for Games\AI_Game\main.cpp(85,12): warning C4244: 'initializing': conversion from 'int' to 'float', possible loss of data
D:\Andrew\AIE\Diploma of Digital and Interactive Games\Subjects\AI for Games\AI_Game\main.cpp(85,20): warning C4838: conversion from 'int' to 'float' requires a narrowing conversion
D:\Andrew\AIE\Diploma of Digital and Interactive Games\Subjects\AI for Games\AI_Game\main.cpp(85,20): warning C4244: 'initializing': conversion from 'int' to 'float', possible loss of data
D:\Andrew\AIE\Diploma of Digital and Interactive Games\Subjects\AI for Games\AI_Game\main.cpp(85,25): warning C4838: conversion from 'int' to 'float' requires a narrowing conversion
D:\Andrew\AIE\Diploma of Digital and Interactive Games\Subjects\AI for Games\AI_Game\main.cpp(85,25): warning C4244: 'initializing': conversion from 'int' to 'float', possible loss of data
D:\Andrew\AIE\Diploma of Digital and Interactive Games\Subjects\AI for Games\AI_Game\main.cpp(85,28): warning C4838: conversion from 'int' to 'float' requires a narrowing conversion
D:\Andrew\AIE\Diploma of Digital and Interactive Games\Subjects\AI for Games\AI_Game\main.cpp(85,28): warning C4244: 'initializing': conversion from 'int' to 'float', possible loss of data
D:\Andrew\AIE\Diploma of Digital and Interactive Games\Subjects\AI for Games\AI_Game\main.cpp(119,30): warning C4244: '=': conversion from 'int' to 'float', possible loss of data
D:\Andrew\AIE\Diploma of Digital and Interactive Games\Subjects\AI for Games\AI_Game\main.cpp(152,25): warning C4244: '=': conversion from 'int' to 'float', possible loss of data
D:\Andrew\AIE\Diploma of Digital and Interactive Games\Subjects\AI for Games\AI_Game\main.cpp(153,25): warning C4244: '=': conversion from 'int' to 'float', possible loss of data
D:\Andrew\AIE\Diploma of Digital and Interactive Games\Subjects\AI for Games\AI_Game\main.cpp(154,20): warning C4244: 'initializing': conversion from 'float' to 'int', possible loss of data
D:\Andrew\AIE\Diploma of Digital and Interactive Games\Subjects\AI for Games\AI_Game\main.cpp(167,29): warning C4244: '=': conversion from 'int' to 'T', possible loss of data
          with
          [
              T=float
          ]
D:\Andrew\AIE\Diploma of Digital and Interactive Games\Subjects\AI for Games\AI_Game\main.cpp(168,29): warning C4244: '=': conversion from 'int' to 'T', possible loss of data
          with
          [
              T=float
          ]
D:\Andrew\AIE\Diploma of Digital and Interactive Games\Subjects\AI for Games\AI_Game\main.cpp(169,24): warning C4244: 'initializing': conversion from 'T' to 'int', possible loss of data
          with
          [
              T=float
          ]
D:\Andrew\AIE\Diploma of Digital and Interactive Games\Subjects\AI for Games\AI_Game\main.cpp(184,42): warning C4244: 'argument': conversion from 'float' to 'int', possible loss of data
D:\Andrew\AIE\Diploma of Digital and Interactive Games\Subjects\AI for Games\AI_Game\main.cpp(184,32): warning C4244: 'argument': conversion from 'float' to 'int', possible loss of data
  AI_Game.vcxproj -> D:\Andrew\AIE\Diploma of Digital and Interactive Games\Subjects\AI for Games\AI_Game\x64\Debug\AI_Game.exe
