d:\andrew\aie\diploma of digital and interactive games\subjects\ai for games\ai_game\x64\debug\vc142.pdb
d:\andrew\aie\diploma of digital and interactive games\subjects\ai for games\ai_game\x64\debug\vc142.idb
d:\andrew\aie\diploma of digital and interactive games\subjects\ai for games\ai_game\x64\debug\wander_circle.obj
d:\andrew\aie\diploma of digital and interactive games\subjects\ai for games\ai_game\x64\debug\statemachine.obj
d:\andrew\aie\diploma of digital and interactive games\subjects\ai for games\ai_game\x64\debug\mapreader.obj
d:\andrew\aie\diploma of digital and interactive games\subjects\ai for games\ai_game\x64\debug\makenodegrid.obj
d:\andrew\aie\diploma of digital and interactive games\subjects\ai for games\ai_game\x64\debug\dijkstrassearch.obj
d:\andrew\aie\diploma of digital and interactive games\subjects\ai for games\ai_game\x64\debug\main.obj
d:\andrew\aie\diploma of digital and interactive games\subjects\ai for games\ai_game\x64\debug\idle.obj
d:\andrew\aie\diploma of digital and interactive games\subjects\ai for games\ai_game\x64\debug\gamemanager.obj
d:\andrew\aie\diploma of digital and interactive games\subjects\ai for games\ai_game\x64\debug\chaseplayerstate.obj
d:\andrew\aie\diploma of digital and interactive games\subjects\ai for games\ai_game\x64\debug\wander.obj
d:\andrew\aie\diploma of digital and interactive games\subjects\ai for games\ai_game\x64\debug\timer.obj
d:\andrew\aie\diploma of digital and interactive games\subjects\ai for games\ai_game\x64\debug\pathfollowbehaviour.obj
d:\andrew\aie\diploma of digital and interactive games\subjects\ai for games\ai_game\x64\debug\keyboardbehaviour.obj
d:\andrew\aie\diploma of digital and interactive games\subjects\ai for games\ai_game\x64\debug\instantkeyboard.obj
d:\andrew\aie\diploma of digital and interactive games\subjects\ai for games\ai_game\x64\debug\chase.obj
d:\andrew\aie\diploma of digital and interactive games\subjects\ai for games\ai_game\x64\debug\agent.obj
d:\andrew\aie\diploma of digital and interactive games\subjects\ai for games\ai_game\x64\debug\wanderstate.obj
d:\andrew\aie\diploma of digital and interactive games\subjects\ai for games\ai_game\x64\debug\ai_game.exe
d:\andrew\aie\diploma of digital and interactive games\subjects\ai for games\ai_game\x64\debug\ai_game.ilk
d:\andrew\aie\diploma of digital and interactive games\subjects\ai for games\ai_game\x64\debug\ai_game.pdb
d:\andrew\aie\diploma of digital and interactive games\subjects\ai for games\ai_game\x64\debug\main.obj.enc
d:\andrew\aie\diploma of digital and interactive games\subjects\ai for games\ai_game\x64\debug\timer.obj.enc
d:\andrew\aie\diploma of digital and interactive games\subjects\ai for games\ai_game\x64\debug\ai_game.tlog\cl.command.1.tlog
d:\andrew\aie\diploma of digital and interactive games\subjects\ai for games\ai_game\x64\debug\ai_game.tlog\cl.read.1.tlog
d:\andrew\aie\diploma of digital and interactive games\subjects\ai for games\ai_game\x64\debug\ai_game.tlog\cl.write.1.tlog
d:\andrew\aie\diploma of digital and interactive games\subjects\ai for games\ai_game\x64\debug\ai_game.tlog\link.command.1.tlog
d:\andrew\aie\diploma of digital and interactive games\subjects\ai for games\ai_game\x64\debug\ai_game.tlog\link.read.1.tlog
d:\andrew\aie\diploma of digital and interactive games\subjects\ai for games\ai_game\x64\debug\ai_game.tlog\link.write.1.tlog
